<?xml version="1.0" encoding="UTF-8"?>
<!-- Generated by org.testng.reporters.JUnitXMLReporter -->
<testsuite ignored="0" hostname="LAPTOP-2RDHM286" failures="1" tests="4" name="groupTest" time="15.389" errors="0" timestamp="2025-05-01T04:38:51 IST">
  <testcase classname="testCases.TC003_LoginwithDDT" name="verify_loginDDT" time="2.482"/>
  <testcase classname="testCases.TC003_LoginwithDDT" name="verify_loginDDT" time="2.509"/>
  <testcase classname="testCases.TC003_LoginwithDDT" name="verify_loginDDT" time="2.772"/>
  <testcase classname="testCases.TC003_LoginwithDDT" name="verify_loginDDT" time="1.645">
    <failure type="junit.framework.AssertionFailedError">
      <![CDATA[junit.framework.AssertionFailedError
at junit.framework.Assert.fail(Assert.java:47)
at junit.framework.Assert.assertTrue(Assert.java:20)
at junit.framework.Assert.assertTrue(Assert.java:27)
at testCases.TC003_LoginwithDDT.verify_loginDDT(TC003_LoginwithDDT.java:44)
at java.base/java.util.ArrayList.forEach(ArrayList.java:1597)
... Removed 25 stack frames]]>
    </failure>
  </testcase> <!-- verify_loginDDT -->
</testsuite> <!-- groupTest -->
