<?xml version="1.0" encoding="UTF-8"?>
<testng-results ignored="0" total="1" passed="1" failed="0" skipped="0">
  <reporter-output>
  </reporter-output>
  <suite started-at="2025-05-08T19:33:44 IST" name="Suite" finished-at="2025-05-08T19:33:56 IST" duration-ms="12879">
    <groups>
      <group name="Master">
        <method signature="TC001_AccountRegisterTest.verify_account_registeration()[pri:0, instance:testCases.TC001_AccountRegisterTest@71529963]" name="verify_account_registeration" class="testCases.TC001_AccountRegisterTest"/>
      </group> <!-- Master -->
      <group name="Sanity">
        <method signature="TC001_AccountRegisterTest.verify_account_registeration()[pri:0, instance:testCases.TC001_AccountRegisterTest@71529963]" name="verify_account_registeration" class="testCases.TC001_AccountRegisterTest"/>
      </group> <!-- Sanity -->
    </groups>
    <test started-at="2025-05-08T19:33:44 IST" name="Test" finished-at="2025-05-08T19:33:56 IST" duration-ms="12879">
      <class name="testCases.TC001_AccountRegisterTest">
        <test-method is-config="true" signature="setup(java.lang.String,java.lang.String)[pri:0, instance:testCases.TC001_AccountRegisterTest@71529963]" started-at="2025-05-08T19:33:44 IST" name="setup" finished-at="2025-05-08T19:33:47 IST" duration-ms="3720" status="PASS">
          <params>
            <param index="0">
              <value>
                <![CDATA[Windows]]>
              </value>
            </param>
            <param index="1">
              <value>
                <![CDATA[chrome]]>
              </value>
            </param>
          </params>
          <reporter-output>
          </reporter-output>
        </test-method> <!-- setup -->
        <test-method signature="verify_account_registeration()[pri:0, instance:testCases.TC001_AccountRegisterTest@71529963]" started-at="2025-05-08T19:33:47 IST" name="verify_account_registeration" finished-at="2025-05-08T19:33:56 IST" duration-ms="8837" status="PASS">
          <reporter-output>
          </reporter-output>
        </test-method> <!-- verify_account_registeration -->
        <test-method is-config="true" signature="tearDown()[pri:0, instance:testCases.TC001_AccountRegisterTest@71529963]" started-at="2025-05-08T19:33:56 IST" name="tearDown" finished-at="2025-05-08T19:33:56 IST" duration-ms="163" status="PASS">
          <reporter-output>
          </reporter-output>
        </test-method> <!-- tearDown -->
      </class> <!-- testCases.TC001_AccountRegisterTest -->
    </test> <!-- Test -->
  </suite> <!-- Suite -->
</testng-results>
