<?xml version="1.0" encoding="UTF-8"?>
<testng-results ignored="0" total="1" passed="1" failed="0" skipped="0">
  <reporter-output>
  </reporter-output>
  <suite started-at="2025-05-08T16:21:50 IST" name="Suite" finished-at="2025-05-08T16:22:02 IST" duration-ms="12312">
    <groups>
      <group name="Master">
        <method signature="TC001_AccountRegisterTest.verify_account_registeration()[pri:0, instance:testCases.TC001_AccountRegisterTest@776aec5c]" name="verify_account_registeration" class="testCases.TC001_AccountRegisterTest"/>
      </group> <!-- Master -->
      <group name="Sanity">
        <method signature="TC001_AccountRegisterTest.verify_account_registeration()[pri:0, instance:testCases.TC001_AccountRegisterTest@776aec5c]" name="verify_account_registeration" class="testCases.TC001_AccountRegisterTest"/>
      </group> <!-- Sanity -->
    </groups>
    <test started-at="2025-05-08T16:21:50 IST" name="ChromeTest" finished-at="2025-05-08T16:22:02 IST" duration-ms="12312">
      <class name="testCases.TC001_AccountRegisterTest">
        <test-method is-config="true" signature="setup(java.lang.String,java.lang.String)[pri:0, instance:testCases.TC001_AccountRegisterTest@776aec5c]" started-at="2025-05-08T16:21:50 IST" name="setup" finished-at="2025-05-08T16:21:53 IST" duration-ms="3052" status="PASS">
          <params>
            <param index="0">
              <value>
                <![CDATA[Linux]]>
              </value>
            </param>
            <param index="1">
              <value>
                <![CDATA[chrome]]>
              </value>
            </param>
          </params>
          <reporter-output>
          </reporter-output>
        </test-method> <!-- setup -->
        <test-method signature="verify_account_registeration()[pri:0, instance:testCases.TC001_AccountRegisterTest@776aec5c]" started-at="2025-05-08T16:21:53 IST" name="verify_account_registeration" finished-at="2025-05-08T16:22:02 IST" duration-ms="8955" status="PASS">
          <reporter-output>
          </reporter-output>
        </test-method> <!-- verify_account_registeration -->
        <test-method is-config="true" signature="tearDown()[pri:0, instance:testCases.TC001_AccountRegisterTest@776aec5c]" started-at="2025-05-08T16:22:02 IST" name="tearDown" finished-at="2025-05-08T16:22:02 IST" duration-ms="83" status="PASS">
          <reporter-output>
          </reporter-output>
        </test-method> <!-- tearDown -->
      </class> <!-- testCases.TC001_AccountRegisterTest -->
    </test> <!-- ChromeTest -->
  </suite> <!-- Suite -->
</testng-results>
